c:\users\minht\onedrive\desktop\suppermariobros3\suppermario\suppermario\debug\vc142.pdb
c:\users\minht\onedrive\desktop\suppermariobros3\suppermario\suppermario\debug\vc142.idb
c:\users\minht\onedrive\desktop\suppermariobros3\suppermario\suppermario\debug\textures.obj
c:\users\minht\onedrive\desktop\suppermariobros3\suppermario\suppermario\debug\gameobject.obj
c:\users\minht\onedrive\desktop\suppermariobros3\suppermario\suppermario\debug\game.obj
c:\users\minht\onedrive\desktop\suppermariobros3\suppermario\suppermario\debug\debug.obj
c:\users\minht\onedrive\desktop\suppermariobros3\suppermario\suppermario\debug\main.obj
c:\users\minht\onedrive\desktop\suppermariobros3\suppermario\suppermario\debug\sprites.obj
c:\users\minht\onedrive\desktop\suppermariobros3\suppermario\suppermario\debug\mario.obj
c:\users\minht\onedrive\desktop\suppermariobros3\suppermario\suppermario\debug\goomba.obj
c:\users\minht\onedrive\desktop\suppermariobros3\suppermario\suppermario\debug\brick.obj
c:\users\minht\onedrive\desktop\suppermariobros3\suppermario\suppermario\debug\koopas.obj
c:\users\minht\onedrive\desktop\suppermariobros3\suppermario\suppermario\debug\scenemanager.obj
c:\users\minht\onedrive\desktop\suppermariobros3\suppermario\suppermario\debug\scene.obj
c:\users\minht\onedrive\desktop\suppermariobros3\suppermario\suppermario\debug\mariostate.obj
c:\users\minht\onedrive\desktop\suppermariobros3\suppermario\suppermario\debug\animations.obj
c:\users\minht\onedrive\desktop\suppermariobros3\suppermario\suppermario\debug\define.obj
c:\users\minht\onedrive\desktop\suppermariobros3\suppermario\suppermario\debug\utils.obj
c:\users\minht\onedrive\desktop\suppermariobros3\suppermario\suppermario\debug\keyeventhandler.obj
c:\users\minht\onedrive\desktop\suppermariobros3\suppermario\suppermario\debug\map.obj
c:\users\minht\onedrive\desktop\suppermariobros3\suppermario\suppermario\debug\playscene.obj
c:\users\minht\onedrive\desktop\suppermariobros3\suppermario\suppermario\debug\camera.obj
c:\users\minht\onedrive\desktop\suppermariobros3\suppermario\suppermario\debug\mariowalking.obj
c:\users\minht\onedrive\desktop\suppermariobros3\suppermario\suppermario\debug\mariojumping.obj
c:\users\minht\onedrive\desktop\suppermariobros3\suppermario\suppermario\debug\mariofalling.obj
c:\users\minht\onedrive\desktop\suppermariobros3\suppermario\suppermario\debug\mariodata.obj
c:\users\minht\onedrive\desktop\suppermariobros3\suppermario\suppermario\debug\marioidle.obj
c:\users\minht\onedrive\desktop\suppermariobros3\suppermario\suppermario\debug\mariodie.obj
c:\users\minht\onedrive\desktop\suppermariobros3\suppermario\debug\suppermario.exe
c:\users\minht\onedrive\desktop\suppermariobros3\suppermario\debug\suppermario.ilk
c:\users\minht\onedrive\desktop\suppermariobros3\suppermario\debug\suppermario.pdb
c:\users\minht\onedrive\desktop\suppermariobros3\suppermario\suppermario\debug\suppermario.tlog\cl.command.1.tlog
c:\users\minht\onedrive\desktop\suppermariobros3\suppermario\suppermario\debug\suppermario.tlog\cl.read.1.tlog
c:\users\minht\onedrive\desktop\suppermariobros3\suppermario\suppermario\debug\suppermario.tlog\cl.write.1.tlog
c:\users\minht\onedrive\desktop\suppermariobros3\suppermario\suppermario\debug\suppermario.tlog\link.command.1.tlog
c:\users\minht\onedrive\desktop\suppermariobros3\suppermario\suppermario\debug\suppermario.tlog\link.read.1.tlog
c:\users\minht\onedrive\desktop\suppermariobros3\suppermario\suppermario\debug\suppermario.tlog\link.write.1.tlog
